<?xml version="1.0" encoding="UTF-8"?>
<!-- Generated by org.testng.reporters.JUnitReportReporter -->
<testsuite hostname="DESKTOP-SHDT29P" name="testrunner.runner" tests="1" failures="0" timestamp="19 Aug 2020 07:35:01 GMT" time="41.277" errors="0">
  <testcase name="booking" time="41.277" classname="testrunner.runner"/>
</testsuite> <!-- testrunner.runner -->
