<?xml version="1.0" encoding="UTF-8"?>
<!-- Generated by org.testng.reporters.JUnitReportReporter -->
<testsuite hostname="DESKTOP-SHDT29P" name="testrunner.Tester" tests="1" failures="0" timestamp="16 Aug 2020 17:20:54 GMT" time="17.379" errors="0">
  <testcase name="firstTest" time="17.379" classname="testrunner.Tester"/>
</testsuite> <!-- testrunner.Tester -->
